
  You can now view your Streamlit app in your browser.

  Local URL: http://localhost:8501
  Network URL: http://10.55.44.44:8501
  External URL: http://152.58.16.59:8501

+------------------------- Traceback (most recent call last) --------------------------+
| C:\Users\pawar\OneDrive\Desktop\India_Runs_AI_Hackathon\.venv311\Lib\site-packages\s |
| treamlit\runtime\scriptrunner\exec_code.py:129 in exec_func_with_error_handling      |
|                                                                                      |
| C:\Users\pawar\OneDrive\Desktop\India_Runs_AI_Hackathon\.venv311\Lib\site-packages\s |
| treamlit\runtime\scriptrunner\script_runner.py:789 in code_to_exec                   |
|                                                                                      |
| C:\Users\pawar\OneDrive\Desktop\India_Runs_AI_Hackathon\app.py:14 in <module>        |
|                                                                                      |
|    11 sys.path.append(str(Path(__file__).parent / "src"))                            |
|    12                                                                                |
|    13 from data_ingestion import load_candidates                                     |
| >  14 from features import stringify_candidate                                       |
|    15 from embeddings import EmbeddingModel, CandidateFAISS                          |
|    16 from ranking import calculate_final_scores                                     |
|    17 from reasoning import generate_reasoning                                       |
+--------------------------------------------------------------------------------------+
+--------------------------------------------------------------------------------------+
|  C:\Users\pawar\OneDrive\Desktop\India_Runs_AI_Hackathon\src\features.py:46          |
|                     role_str += f" - {desc.replace('\n', ' ')}"                      |
|                                                                